Unhandled server error: MissingSchemaError: Schema hasn't been registered for model "Owner".
Use mongoose.model(name, schema)
    at Connection.model (D:\Copy_Systme\backend\node_modules\mongoose\lib\connection.js:1136:13)
    at _getModelFromConn (D:\Copy_Systme\backend\node_modules\mongoose\lib\helpers\populate\getModelsMapForPopulate.js:585:15)
    at addModelNamesToMap (D:\Copy_Systme\backend\node_modules\mongoose\lib\helpers\populate\getModelsMapForPopulate.js:512:17)
    at getModelsMapForPopulate (D:\Copy_Systme\backend\node_modules\mongoose\lib\helpers\populate\getModelsMapForPopulate.js:201:7)
    at populate (D:\Copy_Systme\backend\node_modules\mongoose\lib\model.js:4391:21)
    at _populate (D:\Copy_Systme\backend\node_modules\mongoose\lib\model.js:4351:5)
    at D:\Copy_Systme\backend\node_modules\mongoose\lib\model.js:4323:5
    at new Promise (<anonymous>)
    at model.populate (D:\Copy_Systme\backend\node_modules\mongoose\lib\model.js:4322:10)
    at model.Query._find (D:\Copy_Systme\backend\node_modules\mongoose\lib\query.js:2316:24)
Unhandled server error: MissingSchemaError: Schema hasn't been registered for model "Owner".
Use mongoose.model(name, schema)
    at Connection.model (D:\Copy_Systme\backend\node_modules\mongoose\lib\connection.js:1136:13)
    at _getModelFromConn (D:\Copy_Systme\backend\node_modules\mongoose\lib\helpers\populate\getModelsMapForPopulate.js:585:15)
    at addModelNamesToMap (D:\Copy_Systme\backend\node_modules\mongoose\lib\helpers\populate\getModelsMapForPopulate.js:512:17)
    at getModelsMapForPopulate (D:\Copy_Systme\backend\node_modules\mongoose\lib\helpers\populate\getModelsMapForPopulate.js:201:7)
    at populate (D:\Copy_Systme\backend\node_modules\mongoose\lib\model.js:4391:21)
    at _populate (D:\Copy_Systme\backend\node_modules\mongoose\lib\model.js:4351:5)
    at D:\Copy_Systme\backend\node_modules\mongoose\lib\model.js:4323:5
    at new Promise (<anonymous>)
    at model.populate (D:\Copy_Systme\backend\node_modules\mongoose\lib\model.js:4322:10)
    at model.Query._find (D:\Copy_Systme\backend\node_modules\mongoose\lib\query.js:2316:24)
Unhandled server error: Error: Password must be 12-128 characters and include uppercase, lowercase, number, and special character.
    at assertStrongPassword (D:\Copy_Systme\backend\dist\utils\password.js:17:15)
    at hashPassword (D:\Copy_Systme\backend\dist\utils\password.js:21:5)
    at D:\Copy_Systme\backend\dist\modules\users\users.routes.js:58:58
    at process.processTicksAndRejections (node:internal/process/task_queues:104:5)
Unhandled server error: Error: Password must be 12-128 characters and include uppercase, lowercase, number, and special character.
    at assertStrongPassword (D:\Copy_Systme\backend\dist\utils\password.js:17:15)
    at hashPassword (D:\Copy_Systme\backend\dist\utils\password.js:21:5)
    at D:\Copy_Systme\backend\dist\modules\users\users.routes.js:58:58
    at process.processTicksAndRejections (node:internal/process/task_queues:104:5)
Unhandled server error: Error: Password must be 12-128 characters and include uppercase, lowercase, number, and special character.
    at assertStrongPassword (D:\Copy_Systme\backend\dist\utils\password.js:17:15)
    at hashPassword (D:\Copy_Systme\backend\dist\utils\password.js:21:5)
    at D:\Copy_Systme\backend\dist\modules\users\users.routes.js:58:58
    at process.processTicksAndRejections (node:internal/process/task_queues:104:5)
Unhandled server error: Error: Password must be 12-128 characters and include uppercase, lowercase, number, and special character.
    at assertStrongPassword (D:\Copy_Systme\backend\dist\utils\password.js:17:15)
    at hashPassword (D:\Copy_Systme\backend\dist\utils\password.js:21:5)
    at D:\Copy_Systme\backend\dist\modules\users\users.routes.js:58:58
    at process.processTicksAndRejections (node:internal/process/task_queues:104:5)
Unhandled server error: Error: Password must be 12-128 characters and include uppercase, lowercase, number, and special character.
    at assertStrongPassword (D:\Copy_Systme\backend\dist\utils\password.js:17:15)
    at hashPassword (D:\Copy_Systme\backend\dist\utils\password.js:21:5)
    at D:\Copy_Systme\backend\dist\modules\users\users.routes.js:58:58
    at process.processTicksAndRejections (node:internal/process/task_queues:104:5)
Unhandled server error: Error: Password must be 12-128 characters and include uppercase, lowercase, number, and special character.
    at assertStrongPassword (D:\Copy_Systme\backend\dist\utils\password.js:17:15)
    at hashPassword (D:\Copy_Systme\backend\dist\utils\password.js:21:5)
    at D:\Copy_Systme\backend\dist\modules\users\users.routes.js:58:58
    at process.processTicksAndRejections (node:internal/process/task_queues:104:5)
Unhandled server error: Error: Password must be 12-128 characters and include uppercase, lowercase, number, and special character.
    at assertStrongPassword (D:\Copy_Systme\backend\dist\utils\password.js:17:15)
    at hashPassword (D:\Copy_Systme\backend\dist\utils\password.js:21:5)
    at D:\Copy_Systme\backend\dist\modules\users\users.routes.js:58:58
    at process.processTicksAndRejections (node:internal/process/task_queues:104:5)
Unhandled server error: Error: Password must be 12-128 characters and include uppercase, lowercase, number, and special character.
    at assertStrongPassword (D:\Copy_Systme\backend\dist\utils\password.js:17:15)
    at hashPassword (D:\Copy_Systme\backend\dist\utils\password.js:21:5)
    at D:\Copy_Systme\backend\dist\modules\users\users.routes.js:58:58
    at process.processTicksAndRejections (node:internal/process/task_queues:104:5)
Unhandled server error: Error: Password must be 12-128 characters and include uppercase, lowercase, number, and special character.
    at assertStrongPassword (D:\Copy_Systme\backend\dist\utils\password.js:17:15)
    at hashPassword (D:\Copy_Systme\backend\dist\utils\password.js:21:5)
    at D:\Copy_Systme\backend\dist\modules\users\users.routes.js:58:58
    at process.processTicksAndRejections (node:internal/process/task_queues:104:5)
Unhandled server error: Error: Password must be 12-128 characters and include uppercase, lowercase, number, and special character.
    at assertStrongPassword (D:\Copy_Systme\backend\dist\utils\password.js:17:15)
    at hashPassword (D:\Copy_Systme\backend\dist\utils\password.js:21:5)
    at D:\Copy_Systme\backend\dist\modules\users\users.routes.js:58:58
    at process.processTicksAndRejections (node:internal/process/task_queues:104:5)
Unhandled server error: Error: Password must be 12-128 characters and include uppercase, lowercase, number, and special character.
    at assertStrongPassword (D:\Copy_Systme\backend\dist\utils\password.js:17:15)
    at hashPassword (D:\Copy_Systme\backend\dist\utils\password.js:21:5)
    at D:\Copy_Systme\backend\dist\modules\users\users.routes.js:58:58
    at process.processTicksAndRejections (node:internal/process/task_queues:104:5)
Unhandled server error: Error: Password must be 12-128 characters and include uppercase, lowercase, number, and special character.
    at assertStrongPassword (D:\Copy_Systme\backend\dist\utils\password.js:17:15)
    at hashPassword (D:\Copy_Systme\backend\dist\utils\password.js:21:5)
    at D:\Copy_Systme\backend\dist\modules\users\users.routes.js:58:58
    at process.processTicksAndRejections (node:internal/process/task_queues:104:5)
Teacher creation error: Error: Password must be 12-128 characters and include uppercase, lowercase, number, and special character.
    at assertStrongPassword (D:\Copy_Systme\backend\dist\utils\password.js:17:15)
    at hashPassword (D:\Copy_Systme\backend\dist\utils\password.js:21:5)
    at UserService.createUser (D:\Copy_Systme\backend\dist\services\userService.js:12:63)
    at D:\Copy_Systme\backend\dist\modules\teachers\teachers.routes.js:95:43
    at Layer.handle [as handle_request] (D:\Copy_Systme\backend\node_modules\express\lib\router\layer.js:95:5)
    at next (D:\Copy_Systme\backend\node_modules\express\lib\router\route.js:149:13)
    at D:\Copy_Systme\backend\dist\middlewares\validate.js:22:20
    at Layer.handle [as handle_request] (D:\Copy_Systme\backend\node_modules\express\lib\router\layer.js:95:5)
    at next (D:\Copy_Systme\backend\node_modules\express\lib\router\route.js:149:13)
    at D:\Copy_Systme\backend\dist\middlewares\rbac.js:15:9
Teacher creation error: Error: Password must be 12-128 characters and include uppercase, lowercase, number, and special character.
    at assertStrongPassword (D:\Copy_Systme\backend\dist\utils\password.js:17:15)
    at hashPassword (D:\Copy_Systme\backend\dist\utils\password.js:21:5)
    at UserService.createUser (D:\Copy_Systme\backend\dist\services\userService.js:12:63)
    at D:\Copy_Systme\backend\dist\modules\teachers\teachers.routes.js:95:43
    at Layer.handle [as handle_request] (D:\Copy_Systme\backend\node_modules\express\lib\router\layer.js:95:5)
    at next (D:\Copy_Systme\backend\node_modules\express\lib\router\route.js:149:13)
    at D:\Copy_Systme\backend\dist\middlewares\validate.js:22:20
    at Layer.handle [as handle_request] (D:\Copy_Systme\backend\node_modules\express\lib\router\layer.js:95:5)
    at next (D:\Copy_Systme\backend\node_modules\express\lib\router\route.js:149:13)
    at D:\Copy_Systme\backend\dist\middlewares\rbac.js:15:9
Unhandled server error: MissingSchemaError: Schema hasn't been registered for model "Owner".
Use mongoose.model(name, schema)
    at Connection.model (D:\Copy_Systme\backend\node_modules\mongoose\lib\connection.js:1136:13)
    at _getModelFromConn (D:\Copy_Systme\backend\node_modules\mongoose\lib\helpers\populate\getModelsMapForPopulate.js:585:15)
    at addModelNamesToMap (D:\Copy_Systme\backend\node_modules\mongoose\lib\helpers\populate\getModelsMapForPopulate.js:512:17)
    at getModelsMapForPopulate (D:\Copy_Systme\backend\node_modules\mongoose\lib\helpers\populate\getModelsMapForPopulate.js:201:7)
    at populate (D:\Copy_Systme\backend\node_modules\mongoose\lib\model.js:4391:21)
    at _populate (D:\Copy_Systme\backend\node_modules\mongoose\lib\model.js:4351:5)
    at D:\Copy_Systme\backend\node_modules\mongoose\lib\model.js:4323:5
    at new Promise (<anonymous>)
    at model.populate (D:\Copy_Systme\backend\node_modules\mongoose\lib\model.js:4322:10)
    at model.Query._find (D:\Copy_Systme\backend\node_modules\mongoose\lib\query.js:2316:24)
Unhandled server error: MissingSchemaError: Schema hasn't been registered for model "Owner".
Use mongoose.model(name, schema)
    at Connection.model (D:\Copy_Systme\backend\node_modules\mongoose\lib\connection.js:1136:13)
    at _getModelFromConn (D:\Copy_Systme\backend\node_modules\mongoose\lib\helpers\populate\getModelsMapForPopulate.js:585:15)
    at addModelNamesToMap (D:\Copy_Systme\backend\node_modules\mongoose\lib\helpers\populate\getModelsMapForPopulate.js:512:17)
    at getModelsMapForPopulate (D:\Copy_Systme\backend\node_modules\mongoose\lib\helpers\populate\getModelsMapForPopulate.js:201:7)
    at populate (D:\Copy_Systme\backend\node_modules\mongoose\lib\model.js:4391:21)
    at _populate (D:\Copy_Systme\backend\node_modules\mongoose\lib\model.js:4351:5)
    at D:\Copy_Systme\backend\node_modules\mongoose\lib\model.js:4323:5
    at new Promise (<anonymous>)
    at model.populate (D:\Copy_Systme\backend\node_modules\mongoose\lib\model.js:4322:10)
    at model.Query._find (D:\Copy_Systme\backend\node_modules\mongoose\lib\query.js:2316:24)
Unhandled server error: Error: Student validation failed: gender: Path `gender` is required.
    at ValidationError.inspect (D:\Copy_Systme\backend\node_modules\mongoose\lib\error\validation.js:50:26)
    at formatValue (node:internal/util/inspect:897:19)
    at inspect (node:internal/util/inspect:409:10)
    at formatWithOptionsInternal (node:internal/util/inspect:2645:40)
    at formatWithOptions (node:internal/util/inspect:2507:10)
    at console.value (node:internal/console/constructor:377:14)
    at console.error (node:internal/console/constructor:444:61)
    at errorHandler (D:\Copy_Systme\backend\dist\middlewares\errorHandler.js:6:13)
    at Layer.handle_error (D:\Copy_Systme\backend\node_modules\express\lib\router\layer.js:71:5)
    at trim_prefix (D:\Copy_Systme\backend\node_modules\express\lib\router\index.js:326:13) {
  errors: {
    gender: ValidatorError: Path `gender` is required.
        at validate (D:\Copy_Systme\backend\node_modules\mongoose\lib\schematype.js:1365:13)
        at SchemaType.doValidate (D:\Copy_Systme\backend\node_modules\mongoose\lib\schematype.js:1349:7)
        at D:\Copy_Systme\backend\node_modules\mongoose\lib\document.js:3006:18
        at process.processTicksAndRejections (node:internal/process/task_queues:85:11) {
      properties: [Object],
      kind: 'required',
      path: 'gender',
      value: undefined,
      reason: undefined,
      Symbol(mongoose:validatorError): true
    }
  },
  _message: 'Student validation failed'
}
