
> nokta-academy-backend@1.0.0 dev
> nodemon --watch src --exec ts-node src/server.ts

[33m[nodemon] 3.1.14[39m
[33m[nodemon] to restart at any time, enter `rs`[39m
[33m[nodemon] watching path(s): src\**\*[39m
[33m[nodemon] watching extensions: ts,json[39m
[32m[nodemon] starting `ts-node src/server.ts`[39m
Nokta Academy backend running on http://localhost:8081
[2026-04-16T14:06:31.076Z] GET /health
[2026-04-16T14:06:45.243Z] GET /health
[2026-04-16T14:07:48.911Z] GET /health
[2026-04-16T14:16:06.257Z] POST /api/auth/login
[2026-04-16T14:16:32.188Z] POST /api/auth/login
[2026-04-16T14:16:47.152Z] POST /api/auth/login
[2026-04-16T14:16:52.138Z] GET /api/auth/register/options
[32m[nodemon] restarting due to changes...[39m
[32m[nodemon] starting `ts-node src/server.ts`[39m
[32m[nodemon] restarting due to changes...[39m
[32m[nodemon] starting `ts-node src/server.ts`[39m
[32m[nodemon] restarting due to changes...[39m
[32m[nodemon] starting `ts-node src/server.ts`[39m
[32m[nodemon] restarting due to changes...[39m
[32m[nodemon] starting `ts-node src/server.ts`[39m
[31m[nodemon] app crashed - waiting for file changes before starting...[39m
[32m[nodemon] restarting due to changes...[39m
[32m[nodemon] starting `ts-node src/server.ts`[39m
[31m[nodemon] app crashed - waiting for file changes before starting...[39m
[32m[nodemon] restarting due to changes...[39m
[32m[nodemon] starting `ts-node src/server.ts`[39m
[31m[nodemon] app crashed - waiting for file changes before starting...[39m
[32m[nodemon] restarting due to changes...[39m
[32m[nodemon] starting `ts-node src/server.ts`[39m
[31m[nodemon] app crashed - waiting for file changes before starting...[39m
[32m[nodemon] restarting due to changes...[39m
[32m[nodemon] starting `ts-node src/server.ts`[39m
[31m[nodemon] app crashed - waiting for file changes before starting...[39m
[32m[nodemon] restarting due to changes...[39m
[32m[nodemon] starting `ts-node src/server.ts`[39m
[31m[nodemon] app crashed - waiting for file changes before starting...[39m
[32m[nodemon] restarting due to changes...[39m
[32m[nodemon] starting `ts-node src/server.ts`[39m
[31m[nodemon] app crashed - waiting for file changes before starting...[39m
[32m[nodemon] restarting due to changes...[39m
[32m[nodemon] starting `ts-node src/server.ts`[39m
[31m[nodemon] app crashed - waiting for file changes before starting...[39m
[32m[nodemon] restarting due to changes...[39m
[32m[nodemon] starting `ts-node src/server.ts`[39m
[31m[nodemon] app crashed - waiting for file changes before starting...[39m
[32m[nodemon] restarting due to changes...[39m
[32m[nodemon] starting `ts-node src/server.ts`[39m
[31m[nodemon] app crashed - waiting for file changes before starting...[39m
[32m[nodemon] restarting due to changes...[39m
[32m[nodemon] starting `ts-node src/server.ts`[39m
[31m[nodemon] app crashed - waiting for file changes before starting...[39m
[32m[nodemon] restarting child process[39m
[32m[nodemon] starting `ts-node src/server.ts`[39m
Nokta Academy backend running on http://localhost:8081
