Nokta Academy backend running on http://localhost:8081
[2026-04-16T04:22:22.974Z] GET /health
[2026-04-16T04:22:23.198Z] POST /api/auth/login
LOGIN BODY: { password: '12345678', email: 'admin@gmail.com' }
USER FOUND: {
  _id: new ObjectId("69e063e95d2f54b2a3ffceac"),
  name: 'Super Admin',
  email: 'admin@gmail.com',
  phone: '0780000000',
  password: '$2a$10$k0Mhfsrx5mOF7nWlrWkrd.dU4.ECr.cHqe96/m0RJl6kv3VTcVFlK',
  role: 'super_admin',
  permissions: Map(0) {},
  salaryType: 'fixed',
  fixedSalary: 0,
  percentageRate: 35,
  walletBalance: 0,
  totalStudents: 0,
  totalSalaryEarned: 0,
  assignedSubjects: [],
  assignedClasses: [],
  feeAmount: 0,
  paidAmount: 0,
  remainingBalance: 0,
  active: true,
  joinDate: 2026-04-16T04:22:01.593Z,
  registrationDate: 2026-04-16T04:22:01.593Z,
  createdAt: 2026-04-16T04:22:01.593Z,
  __v: 0
}
PASSWORD MATCH: true
[2026-04-16T04:22:23.386Z] GET /api/dashboard/summary
[2026-04-16T04:22:23.510Z] GET /api/users/count
