Error: listen EADDRINUSE: address already in use :::8081
    at Server.setupListenHandle [as _listen2] (node:net:1948:16)
    at listenInCluster (node:net:2005:12)
    at Server.listen (node:net:2110:7)
    at app.listen (D:\Copy_Systme\backend\node_modules\express\lib\application.js:635:24)
    at start (D:\Copy_Systme\backend\src\server.ts:6:7)
    at processTicksAndRejections (node:internal/process/task_queues:104:5) {
  code: 'EADDRINUSE',
  errno: -4091,
  syscall: 'listen',
  address: '::',
  port: 8081
}
D:\Copy_Systme\backend\node_modules\ts-node\src\index.ts:859
    return new TSError(diagnosticText, diagnosticCodes, diagnostics);
           ^
TSError: ⨯ Unable to compile TypeScript:
src/middlewares/auth.ts(103,80): error TS2561: Object literal may only specify known properties, but 'rolePermissionKeys' does not exist in type 'PermissionPrincipal'. Did you mean to write 'permissionKeys'?

    at createTSError (D:\Copy_Systme\backend\node_modules\ts-node\src\index.ts:859:12)
    at reportTSError (D:\Copy_Systme\backend\node_modules\ts-node\src\index.ts:863:19)
    at getOutput (D:\Copy_Systme\backend\node_modules\ts-node\src\index.ts:1077:36)
    at Object.compile (D:\Copy_Systme\backend\node_modules\ts-node\src\index.ts:1433:41)
    at Module.m._compile (D:\Copy_Systme\backend\node_modules\ts-node\src\index.ts:1617:30)
    at node:internal/modules/cjs/loader:1943:10
    at Object.require.extensions.<computed> [as .ts] (D:\Copy_Systme\backend\node_modules\ts-node\src\index.ts:1621:12)
    at Module.load (node:internal/modules/cjs/loader:1533:32)
    at Module._load (node:internal/modules/cjs/loader:1335:12)
    at wrapModuleLoad (node:internal/modules/cjs/loader:255:19) {
  diagnosticCodes: [ 2561 ]
}
D:\Copy_Systme\backend\node_modules\ts-node\src\index.ts:859
    return new TSError(diagnosticText, diagnosticCodes, diagnostics);
           ^
TSError: ⨯ Unable to compile TypeScript:
src/middlewares/auth.ts(103,80): error TS2561: Object literal may only specify known properties, but 'rolePermissionKeys' does not exist in type 'PermissionPrincipal'. Did you mean to write 'permissionKeys'?

    at createTSError (D:\Copy_Systme\backend\node_modules\ts-node\src\index.ts:859:12)
    at reportTSError (D:\Copy_Systme\backend\node_modules\ts-node\src\index.ts:863:19)
    at getOutput (D:\Copy_Systme\backend\node_modules\ts-node\src\index.ts:1077:36)
    at Object.compile (D:\Copy_Systme\backend\node_modules\ts-node\src\index.ts:1433:41)
    at Module.m._compile (D:\Copy_Systme\backend\node_modules\ts-node\src\index.ts:1617:30)
    at node:internal/modules/cjs/loader:1943:10
    at Object.require.extensions.<computed> [as .ts] (D:\Copy_Systme\backend\node_modules\ts-node\src\index.ts:1621:12)
    at Module.load (node:internal/modules/cjs/loader:1533:32)
    at Module._load (node:internal/modules/cjs/loader:1335:12)
    at wrapModuleLoad (node:internal/modules/cjs/loader:255:19) {
  diagnosticCodes: [ 2561 ]
}
D:\Copy_Systme\backend\node_modules\ts-node\src\index.ts:859
    return new TSError(diagnosticText, diagnosticCodes, diagnostics);
           ^
TSError: ⨯ Unable to compile TypeScript:
src/middlewares/auth.ts(103,80): error TS2561: Object literal may only specify known properties, but 'rolePermissionKeys' does not exist in type 'PermissionPrincipal'. Did you mean to write 'permissionKeys'?

    at createTSError (D:\Copy_Systme\backend\node_modules\ts-node\src\index.ts:859:12)
    at reportTSError (D:\Copy_Systme\backend\node_modules\ts-node\src\index.ts:863:19)
    at getOutput (D:\Copy_Systme\backend\node_modules\ts-node\src\index.ts:1077:36)
    at Object.compile (D:\Copy_Systme\backend\node_modules\ts-node\src\index.ts:1433:41)
    at Module.m._compile (D:\Copy_Systme\backend\node_modules\ts-node\src\index.ts:1617:30)
    at node:internal/modules/cjs/loader:1943:10
    at Object.require.extensions.<computed> [as .ts] (D:\Copy_Systme\backend\node_modules\ts-node\src\index.ts:1621:12)
    at Module.load (node:internal/modules/cjs/loader:1533:32)
    at Module._load (node:internal/modules/cjs/loader:1335:12)
    at wrapModuleLoad (node:internal/modules/cjs/loader:255:19) {
  diagnosticCodes: [ 2561 ]
}
D:\Copy_Systme\backend\node_modules\ts-node\src\index.ts:859
    return new TSError(diagnosticText, diagnosticCodes, diagnostics);
           ^
TSError: ⨯ Unable to compile TypeScript:
src/middlewares/auth.ts(103,80): error TS2561: Object literal may only specify known properties, but 'rolePermissionKeys' does not exist in type 'PermissionPrincipal'. Did you mean to write 'permissionKeys'?

    at createTSError (D:\Copy_Systme\backend\node_modules\ts-node\src\index.ts:859:12)
    at reportTSError (D:\Copy_Systme\backend\node_modules\ts-node\src\index.ts:863:19)
    at getOutput (D:\Copy_Systme\backend\node_modules\ts-node\src\index.ts:1077:36)
    at Object.compile (D:\Copy_Systme\backend\node_modules\ts-node\src\index.ts:1433:41)
    at Module.m._compile (D:\Copy_Systme\backend\node_modules\ts-node\src\index.ts:1617:30)
    at node:internal/modules/cjs/loader:1943:10
    at Object.require.extensions.<computed> [as .ts] (D:\Copy_Systme\backend\node_modules\ts-node\src\index.ts:1621:12)
    at Module.load (node:internal/modules/cjs/loader:1533:32)
    at Module._load (node:internal/modules/cjs/loader:1335:12)
    at wrapModuleLoad (node:internal/modules/cjs/loader:255:19) {
  diagnosticCodes: [ 2561 ]
}
D:\Copy_Systme\backend\node_modules\ts-node\src\index.ts:859
    return new TSError(diagnosticText, diagnosticCodes, diagnostics);
           ^
TSError: ⨯ Unable to compile TypeScript:
src/middlewares/auth.ts(103,80): error TS2561: Object literal may only specify known properties, but 'rolePermissionKeys' does not exist in type 'PermissionPrincipal'. Did you mean to write 'permissionKeys'?

    at createTSError (D:\Copy_Systme\backend\node_modules\ts-node\src\index.ts:859:12)
    at reportTSError (D:\Copy_Systme\backend\node_modules\ts-node\src\index.ts:863:19)
    at getOutput (D:\Copy_Systme\backend\node_modules\ts-node\src\index.ts:1077:36)
    at Object.compile (D:\Copy_Systme\backend\node_modules\ts-node\src\index.ts:1433:41)
    at Module.m._compile (D:\Copy_Systme\backend\node_modules\ts-node\src\index.ts:1617:30)
    at node:internal/modules/cjs/loader:1943:10
    at Object.require.extensions.<computed> [as .ts] (D:\Copy_Systme\backend\node_modules\ts-node\src\index.ts:1621:12)
    at Module.load (node:internal/modules/cjs/loader:1533:32)
    at Module._load (node:internal/modules/cjs/loader:1335:12)
    at wrapModuleLoad (node:internal/modules/cjs/loader:255:19) {
  diagnosticCodes: [ 2561 ]
}
D:\Copy_Systme\backend\node_modules\ts-node\src\index.ts:859
    return new TSError(diagnosticText, diagnosticCodes, diagnostics);
           ^
TSError: ⨯ Unable to compile TypeScript:
src/middlewares/auth.ts(103,80): error TS2561: Object literal may only specify known properties, but 'rolePermissionKeys' does not exist in type 'PermissionPrincipal'. Did you mean to write 'permissionKeys'?

    at createTSError (D:\Copy_Systme\backend\node_modules\ts-node\src\index.ts:859:12)
    at reportTSError (D:\Copy_Systme\backend\node_modules\ts-node\src\index.ts:863:19)
    at getOutput (D:\Copy_Systme\backend\node_modules\ts-node\src\index.ts:1077:36)
    at Object.compile (D:\Copy_Systme\backend\node_modules\ts-node\src\index.ts:1433:41)
    at Module.m._compile (D:\Copy_Systme\backend\node_modules\ts-node\src\index.ts:1617:30)
    at node:internal/modules/cjs/loader:1943:10
    at Object.require.extensions.<computed> [as .ts] (D:\Copy_Systme\backend\node_modules\ts-node\src\index.ts:1621:12)
    at Module.load (node:internal/modules/cjs/loader:1533:32)
    at Module._load (node:internal/modules/cjs/loader:1335:12)
    at wrapModuleLoad (node:internal/modules/cjs/loader:255:19) {
  diagnosticCodes: [ 2561 ]
}
D:\Copy_Systme\backend\node_modules\ts-node\src\index.ts:859
    return new TSError(diagnosticText, diagnosticCodes, diagnostics);
           ^
TSError: ⨯ Unable to compile TypeScript:
src/middlewares/auth.ts(103,80): error TS2561: Object literal may only specify known properties, but 'rolePermissionKeys' does not exist in type 'PermissionPrincipal'. Did you mean to write 'permissionKeys'?

    at createTSError (D:\Copy_Systme\backend\node_modules\ts-node\src\index.ts:859:12)
    at reportTSError (D:\Copy_Systme\backend\node_modules\ts-node\src\index.ts:863:19)
    at getOutput (D:\Copy_Systme\backend\node_modules\ts-node\src\index.ts:1077:36)
    at Object.compile (D:\Copy_Systme\backend\node_modules\ts-node\src\index.ts:1433:41)
    at Module.m._compile (D:\Copy_Systme\backend\node_modules\ts-node\src\index.ts:1617:30)
    at node:internal/modules/cjs/loader:1943:10
    at Object.require.extensions.<computed> [as .ts] (D:\Copy_Systme\backend\node_modules\ts-node\src\index.ts:1621:12)
    at Module.load (node:internal/modules/cjs/loader:1533:32)
    at Module._load (node:internal/modules/cjs/loader:1335:12)
    at wrapModuleLoad (node:internal/modules/cjs/loader:255:19) {
  diagnosticCodes: [ 2561 ]
}
D:\Copy_Systme\backend\node_modules\ts-node\src\index.ts:859
    return new TSError(diagnosticText, diagnosticCodes, diagnostics);
           ^
TSError: ⨯ Unable to compile TypeScript:
src/middlewares/auth.ts(103,80): error TS2561: Object literal may only specify known properties, but 'rolePermissionKeys' does not exist in type 'PermissionPrincipal'. Did you mean to write 'permissionKeys'?

    at createTSError (D:\Copy_Systme\backend\node_modules\ts-node\src\index.ts:859:12)
    at reportTSError (D:\Copy_Systme\backend\node_modules\ts-node\src\index.ts:863:19)
    at getOutput (D:\Copy_Systme\backend\node_modules\ts-node\src\index.ts:1077:36)
    at Object.compile (D:\Copy_Systme\backend\node_modules\ts-node\src\index.ts:1433:41)
    at Module.m._compile (D:\Copy_Systme\backend\node_modules\ts-node\src\index.ts:1617:30)
    at node:internal/modules/cjs/loader:1943:10
    at Object.require.extensions.<computed> [as .ts] (D:\Copy_Systme\backend\node_modules\ts-node\src\index.ts:1621:12)
    at Module.load (node:internal/modules/cjs/loader:1533:32)
    at Module._load (node:internal/modules/cjs/loader:1335:12)
    at wrapModuleLoad (node:internal/modules/cjs/loader:255:19) {
  diagnosticCodes: [ 2561 ]
}
D:\Copy_Systme\backend\node_modules\ts-node\src\index.ts:859
    return new TSError(diagnosticText, diagnosticCodes, diagnostics);
           ^
TSError: ⨯ Unable to compile TypeScript:
src/middlewares/auth.ts(103,80): error TS2561: Object literal may only specify known properties, but 'rolePermissionKeys' does not exist in type 'PermissionPrincipal'. Did you mean to write 'permissionKeys'?

    at createTSError (D:\Copy_Systme\backend\node_modules\ts-node\src\index.ts:859:12)
    at reportTSError (D:\Copy_Systme\backend\node_modules\ts-node\src\index.ts:863:19)
    at getOutput (D:\Copy_Systme\backend\node_modules\ts-node\src\index.ts:1077:36)
    at Object.compile (D:\Copy_Systme\backend\node_modules\ts-node\src\index.ts:1433:41)
    at Module.m._compile (D:\Copy_Systme\backend\node_modules\ts-node\src\index.ts:1617:30)
    at node:internal/modules/cjs/loader:1943:10
    at Object.require.extensions.<computed> [as .ts] (D:\Copy_Systme\backend\node_modules\ts-node\src\index.ts:1621:12)
    at Module.load (node:internal/modules/cjs/loader:1533:32)
    at Module._load (node:internal/modules/cjs/loader:1335:12)
    at wrapModuleLoad (node:internal/modules/cjs/loader:255:19) {
  diagnosticCodes: [ 2561 ]
}
(node:6760) MaxListenersExceededWarning: Possible EventEmitter memory leak detected. 11 exit listeners added to [Bus]. MaxListeners is 10. Use emitter.setMaxListeners() to increase limit
(Use `node --trace-warnings ...` to show where the warning was created)
D:\Copy_Systme\backend\node_modules\ts-node\src\index.ts:859
    return new TSError(diagnosticText, diagnosticCodes, diagnostics);
           ^
TSError: ⨯ Unable to compile TypeScript:
src/services/roleProfileService.ts(14,13): error TS2322: Type '"*" | "DASHBOARD_VIEW" | "USER_CREATE" | "USER_VIEW" | "USER_UPDATE" | "USER_ACTIVATE" | "USER_DEACTIVATE" | "USER_DELETE" | "ROLE_VIEW" | "ROLE_MANAGE" | "PERMISSION_VIEW" | ... 73 more ... | "AUDIT_VIEW"' is not assignable to type '"DASHBOARD_VIEW" | "USER_CREATE" | "USER_VIEW" | "USER_UPDATE" | "USER_ACTIVATE" | "USER_DEACTIVATE" | "USER_DELETE" | "ROLE_VIEW" | "ROLE_MANAGE" | "PERMISSION_VIEW" | "PERMISSION_MANAGE" | ... 72 more ... | "AUDIT_VIEW"'.
  Type '"*"' is not assignable to type '"DASHBOARD_VIEW" | "USER_CREATE" | "USER_VIEW" | "USER_UPDATE" | "USER_ACTIVATE" | "USER_DEACTIVATE" | "USER_DELETE" | "ROLE_VIEW" | "ROLE_MANAGE" | "PERMISSION_VIEW" | "PERMISSION_MANAGE" | ... 72 more ... | "AUDIT_VIEW"'.

    at createTSError (D:\Copy_Systme\backend\node_modules\ts-node\src\index.ts:859:12)
    at reportTSError (D:\Copy_Systme\backend\node_modules\ts-node\src\index.ts:863:19)
    at getOutput (D:\Copy_Systme\backend\node_modules\ts-node\src\index.ts:1077:36)
    at Object.compile (D:\Copy_Systme\backend\node_modules\ts-node\src\index.ts:1433:41)
    at Module.m._compile (D:\Copy_Systme\backend\node_modules\ts-node\src\index.ts:1617:30)
    at node:internal/modules/cjs/loader:1943:10
    at Object.require.extensions.<computed> [as .ts] (D:\Copy_Systme\backend\node_modules\ts-node\src\index.ts:1621:12)
    at Module.load (node:internal/modules/cjs/loader:1533:32)
    at Module._load (node:internal/modules/cjs/loader:1335:12)
    at wrapModuleLoad (node:internal/modules/cjs/loader:255:19) {
  diagnosticCodes: [ 2322 ]
}
Error: listen EADDRINUSE: address already in use :::8081
    at Server.setupListenHandle [as _listen2] (node:net:1948:16)
    at listenInCluster (node:net:2005:12)
    at Server.listen (node:net:2110:7)
    at app.listen (D:\Copy_Systme\backend\node_modules\express\lib\application.js:635:24)
    at start (D:\Copy_Systme\backend\src\server.ts:6:7)
    at processTicksAndRejections (node:internal/process/task_queues:104:5) {
  code: 'EADDRINUSE',
  errno: -4091,
  syscall: 'listen',
  address: '::',
  port: 8081
}
